<?xml version="1.0" encoding="UTF-8"?>
<!-- Generated by org.testng.reporters.JUnitReportReporter -->
<testsuite skipped="0" hostname="ip-172-31-87-16" name="test.Testcase1" tests="3" failures="0" timestamp="2021-10-25T07:21:07 UTC" time="0.004" errors="0">
  <testcase name="CarLoanTest" time="0.002" classname="test.Testcase1"/>
  <system-out/>
  <testcase name="HomeLoanTest" time="0.001" classname="test.Testcase1"/>
  <system-out/>
  <testcase name="HomeLoanTest1" time="0.001" classname="test.Testcase1"/>
  <system-out/>
</testsuite> <!-- test.Testcase1 -->
